<?xml version="1.0" encoding="UTF-8"?>
<!-- Generated by org.testng.reporters.JUnitXMLReporter -->
<testsuite hostname="DATLE" ignored="5" name="EdgeTest" tests="1" failures="1" timestamp="17 Jan 2018 07:54:17 GMT" time="30.164" errors="0">
  <testcase name="createCase200" time="23.037" classname="com.tc911.testcases.reports200.Reports200">
    <failure type="org.openqa.selenium.NoSuchElementException" message="No such element (WARNING: The server did not provide any stacktrace information)
Command duration or timeout: 15.00 seconds
For documentation on this error, please visit: http://seleniumhq.org/exceptions/no_such_element.html
Build info: version: &amp;apos;3.4.0&amp;apos;, revision: &amp;apos;unknown&amp;apos;, time: &amp;apos;unknown&amp;apos;
System info: host: &amp;apos;DATLE&amp;apos;, ip: &amp;apos;172.16.0.95&amp;apos;, os.name: &amp;apos;Windows 10&amp;apos;, os.arch: &amp;apos;amd64&amp;apos;, os.version: &amp;apos;10.0&amp;apos;, java.version: &amp;apos;1.8.0_102&amp;apos;
Driver info: org.openqa.selenium.edge.EdgeDriver
Capabilities [{applicationCacheEnabled=true, pageLoadStrategy=normal, platform=ANY, acceptSslCerts=true, browserVersion=40.15063.674.0, platformVersion=10, locationContextEnabled=true, webStorageEnabled=true, browserName=MicrosoftEdge, takesScreenshot=true, takesElementScreenshot=true, javascriptEnabled=true, platformName=windows}]
Session ID: E4B7BBA3-5716-4E83-A75A-52C1D89C499B
*** Element info: {Using=id, value=caseAssignOK}">
      <![CDATA[org.openqa.selenium.NoSuchElementException: No such element (WARNING: The server did not provide any stacktrace information)Command duration or timeout: 15.00 secondsFor documentation on this error, please visit: http://seleniumhq.org/exceptions/no_such_element.htmlBuild info: version: '3.4.0', revision: 'unknown', time: 'unknown'System info: host: 'DATLE', ip: '172.16.0.95', os.name: 'Windows 10', os.arch: 'amd64', os.version: '10.0', java.version: '1.8.0_102'Driver info: org.openqa.selenium.edge.EdgeDriverCapabilities [{applicationCacheEnabled=true, pageLoadStrategy=normal, platform=ANY, acceptSslCerts=true, browserVersion=40.15063.674.0, platformVersion=10, locationContextEnabled=true, webStorageEnabled=true, browserName=MicrosoftEdge, takesScreenshot=true, takesElementScreenshot=true, javascriptEnabled=true, platformName=windows}]Session ID: E4B7BBA3-5716-4E83-A75A-52C1D89C499B*** Element info: {Using=id, value=caseAssignOK}at org.openqa.selenium.remote.ErrorHandler.createThrowable(ErrorHandler.java:215)at org.openqa.selenium.remote.ErrorHandler.throwIfResponseFailed(ErrorHandler.java:167)at org.openqa.selenium.remote.RemoteWebDriver.execute(RemoteWebDriver.java:671)at org.openqa.selenium.remote.RemoteWebDriver.findElement(RemoteWebDriver.java:410)at org.openqa.selenium.remote.RemoteWebDriver.findElementById(RemoteWebDriver.java:453)at org.openqa.selenium.By$ById.findElement(By.java:218)at org.openqa.selenium.remote.RemoteWebDriver.findElement(RemoteWebDriver.java:402)at com.tc911.common.element.QuickCheck.createCase(QuickCheck.java:51)at com.tc911.testcases.reports200.Reports200.createCase200(Reports200.java:58)... Removed 29 stack frames]]>
    </failure>
  </testcase> <!-- createCase200 -->
  <testcase name="logInOut" time="0.0" classname="com.tc911.testcases.reports200.Reports200">
    <ignored/>
  </testcase> <!-- logInOut -->
  <testcase name="printCase200" time="0.0" classname="com.tc911.testcases.reports200.Reports200">
    <ignored/>
  </testcase> <!-- printCase200 -->
  <testcase name="openCase200" time="0.0" classname="com.tc911.testcases.reports200.Reports200">
    <ignored/>
  </testcase> <!-- openCase200 -->
  <testcase name="linkCase200" time="0.0" classname="com.tc911.testcases.reports200.Reports200">
    <ignored/>
  </testcase> <!-- linkCase200 -->
  <testcase name="creat200CaseLogout" time="0.0" classname="com.tc911.testcases.reports200.Reports200">
    <ignored/>
  </testcase> <!-- creat200CaseLogout -->
</testsuite> <!-- EdgeTest -->
